<?xml version="1.0" encoding="utf-8"?><testsuites name="pytest tests"><testsuite name="pytest" errors="0" failures="0" skipped="0" tests="25" time="4.567" timestamp="2026-05-04T16:45:35.149905+00:00" hostname="agent-env-fefe1d41-2865-454e-8de0-c492e0a00d39"><testcase classname="backend.tests.test_cosmos_api" name="test_root" time="0.310" /><testcase classname="backend.tests.test_cosmos_api" name="test_register" time="0.336" /><testcase classname="backend.tests.test_cosmos_api" name="test_register_duplicate" time="0.062" /><testcase classname="backend.tests.test_cosmos_api" name="test_login_success" time="0.274" /><testcase classname="backend.tests.test_cosmos_api" name="test_login_invalid" time="0.275" /><testcase classname="backend.tests.test_cosmos_api" name="test_me" time="0.048" /><testcase classname="backend.tests.test_cosmos_api" name="test_me_no_token" time="0.052" /><testcase classname="backend.tests.test_cosmos_api" name="test_list_events" time="0.058" /><testcase classname="backend.tests.test_cosmos_api" name="test_get_event" time="0.052" /><testcase classname="backend.tests.test_cosmos_api" name="test_get_event_404" time="0.051" /><testcase classname="backend.tests.test_cosmos_api" name="test_events_upcoming" time="0.049" /><testcase classname="backend.tests.test_cosmos_api" name="test_create_reminder" time="0.194" /><testcase classname="backend.tests.test_cosmos_api" name="test_list_reminders" time="0.117" /><testcase classname="backend.tests.test_cosmos_api" name="test_duplicate_reminder" time="0.106" /><testcase classname="backend.tests.test_cosmos_api" name="test_delete_reminder" time="0.222" /><testcase classname="backend.tests.test_cosmos_api" name="test_reminders_requires_auth" time="0.118" /><testcase classname="backend.tests.test_cosmos_api" name="test_create_sighting_nebula" time="0.305" /><testcase classname="backend.tests.test_cosmos_api" name="test_user_stats_incremented" time="0.094" /><testcase classname="backend.tests.test_cosmos_api" name="test_create_sighting_planet" time="0.200" /><testcase classname="backend.tests.test_cosmos_api" name="test_list_sightings" time="0.101" /><testcase classname="backend.tests.test_cosmos_api" name="test_my_sightings" time="0.202" /><testcase classname="backend.tests.test_cosmos_api" name="test_like_sighting" time="0.317" /><testcase classname="backend.tests.test_cosmos_api" name="test_like_nonexistent" time="0.181" /><testcase classname="backend.tests.test_cosmos_api" name="test_create_sighting_requires_auth" time="0.202" /><testcase classname="backend.tests.test_cosmos_api" name="test_list_sky_spots" time="0.196" /></testsuite></testsuites>